
                          S U R F  T O M O
 PLEASE contact Hongjain Fang (fanghj@mail.ustc.edu.cn) if you find any bug

 model origin:latitude,longitue
 -38.40000 177.94501
 grid spacing:latitude,longitue
   0.00360   0.00540
 model dimension:nx,ny,nz
   60   60   20
 Rayleigh wave phase velocity used,periods:(s)
   1.00   2.00   3.00   4.00   5.00   6.00   7.00   8.00   9.00  10.00  11.00  12.00
 Rayleigh wave group velocity used,periods:(s)
   1.00   2.00   3.00   4.00   5.00   6.00   7.00   8.00   9.00  10.00  11.00  12.00  13.00  14.00  15.00
 Maximum and Average DWS values:   1065.29114       11.1781645    
 1th iteration...
mean,std_devs and rms of residual:  -1573.4ms  1248.56ms    2.009
min and max velocity variation -0.2090 0.4220
 Maximum and Average DWS values:   842.500610       8.11014080    
 2th iteration...
mean,std_devs and rms of residual:    225.0ms   569.13ms    0.612
min and max velocity variation -0.4736 0.4536
 Maximum and Average DWS values:   1007.63623       8.36517239    
 3th iteration...
mean,std_devs and rms of residual:    -35.4ms   317.19ms    0.319
min and max velocity variation -0.3833 0.2946
 Maximum and Average DWS values:   1029.51697       8.40145206    
 4th iteration...
mean,std_devs and rms of residual:     41.6ms   279.58ms    0.283
min and max velocity variation -0.2232 0.3626
 Maximum and Average DWS values:   1023.80878       8.42773819    
 5th iteration...
mean,std_devs and rms of residual:    -20.3ms   198.42ms    0.199
min and max velocity variation -0.1327 0.1256
 Maximum and Average DWS values:   1003.56073       8.38020325    
 6th iteration...
mean,std_devs and rms of residual:     11.4ms   207.41ms    0.208
min and max velocity variation -0.1524 0.0990
 Maximum and Average DWS values:   1018.32068       8.36643887    
 7th iteration...
mean,std_devs and rms of residual:     -8.2ms   185.08ms    0.185
min and max velocity variation -0.0947 0.0846
 Maximum and Average DWS values:   1014.07916       8.33920956    
 8th iteration...
mean,std_devs and rms of residual:      3.8ms   187.93ms    0.188
min and max velocity variation -0.1022 0.0663
 Maximum and Average DWS values:   1031.21838       8.32784653    
 9th iteration...
mean,std_devs and rms of residual:     -5.4ms   177.54ms    0.178
min and max velocity variation -0.0676 0.0715
 Maximum and Average DWS values:   1036.52673       8.32457542    
10th iteration...
mean,std_devs and rms of residual:      0.8ms   181.72ms    0.182
min and max velocity variation -0.0734 0.0605
 Program finishes successfully
 Output True velocity model to Vs_model.real
 Output inverted shear velocity model to DSurfTomo.inSyn.dat                                                                                 
